#
# There is insufficient memory for the Java Runtime Environment to continue.
# Native memory allocation (malloc) failed to allocate 32744 bytes for ChunkPool::allocate
# Possible reasons:
#   The system is out of physical RAM or swap space
#   In 32 bit mode, the process size limit was hit
# Possible solutions:
#   Reduce memory load on the system
#   Increase physical memory or swap space
#   Check if swap backing store is full
#   Use 64 bit Java on a 64 bit OS
#   Decrease Java heap size (-Xmx/-Xms)
#   Decrease number of Java threads
#   Decrease Java thread stack sizes (-Xss)
#   Set larger code cache with -XX:ReservedCodeCacheSize=
# This output file may be truncated or incomplete.
#
#  Out of Memory Error (allocation.cpp:273), pid=1948, tid=0x00000000000011c0
#
# JRE version: OpenJDK Runtime Environment (8.0_152-b01) (build 1.8.0_152-release-915-b01)
# Java VM: OpenJDK 64-Bit Server VM (25.152-b01 mixed mode windows-amd64 compressed oops)
# Failed to write core dump. Minidumps are not enabled by default on client versions of Windows
#

---------------  T H R E A D  ---------------

Current thread (0x0000000056549800):  JavaThread "C1 CompilerThread2" daemon [_thread_in_vm, id=4544, stack(0x0000000056fe0000,0x00000000570e0000)]

Stack: [0x0000000056fe0000,0x00000000570e0000]
[error occurred during error reporting (printing stack bounds), id 0xc0000005]

Native frames: (J=compiled Java code, j=interpreted, Vv=VM code, C=native code)


---------------  P R O C E S S  ---------------

Java Threads: ( => current thread )
  0x000000005ad2d000 JavaThread "Forward streams with process: command 'C:\Program Files\Android\Android Studio\jre\bin\java.exe' Thread 3" [_thread_in_native, id=8068, stack(0x00000000662a0000,0x00000000663a0000)]
  0x000000005ad2a800 JavaThread "Forward streams with process: command 'C:\Program Files\Android\Android Studio\jre\bin\java.exe' Thread 2" [_thread_in_native, id=8080, stack(0x0000000065170000,0x0000000065270000)]
  0x000000005ad2b800 JavaThread "Forward streams with process: command 'C:\Program Files\Android\Android Studio\jre\bin\java.exe'" [_thread_blocked, id=7008, stack(0x0000000066170000,0x0000000066270000)]
  0x000000005ad2d800 JavaThread "Run command 'C:\Program Files\Android\Android Studio\jre\bin\java.exe'" [_thread_in_native, id=8116, stack(0x00000000658c0000,0x00000000659c0000)]
  0x000000005790b000 JavaThread "Forward streams with process: command 'C:\Program Files\Android\Android Studio\jre\bin\java.exe' Thread 3" [_thread_in_native, id=7324, stack(0x00000000655a0000,0x00000000656a0000)]
  0x000000005790e000 JavaThread "Forward streams with process: command 'C:\Program Files\Android\Android Studio\jre\bin\java.exe' Thread 2" [_thread_in_native, id=7576, stack(0x0000000059510000,0x0000000059610000)]
  0x0000000057910000 JavaThread "Forward streams with process: command 'C:\Program Files\Android\Android Studio\jre\bin\java.exe'" [_thread_blocked, id=6676, stack(0x0000000065380000,0x0000000065480000)]
  0x000000005790e800 JavaThread "Run command 'C:\Program Files\Android\Android Studio\jre\bin\java.exe'" [_thread_in_native, id=7560, stack(0x0000000059150000,0x0000000059250000)]
  0x000000005ad2e800 JavaThread "Stdin handler" [_thread_blocked, id=8008, stack(0x0000000066050000,0x0000000066150000)]
  0x000000005ad30000 JavaThread "Daemon worker Thread 7" [_thread_blocked, id=7420, stack(0x0000000065be0000,0x0000000065ce0000)]
  0x0000000057911000 JavaThread "Cancel handler" [_thread_blocked, id=7996, stack(0x0000000065f20000,0x0000000066020000)]
  0x0000000056551800 JavaThread "Handler for socket connection from /127.0.0.1:49459 to /127.0.0.1:56236" [_thread_in_native, id=7256, stack(0x0000000065a10000,0x0000000065b10000)]
  0x000000005654c800 JavaThread "Daemon Thread 7" [_thread_blocked, id=7352, stack(0x0000000058f50000,0x0000000059050000)]
  0x000000005790f800 JavaThread "Forward streams with process: command 'C:\Program Files\Android\Android Studio\jre\bin\java.exe' Thread 3" [_thread_in_native, id=8028, stack(0x0000000065cf0000,0x0000000065df0000)]
  0x000000005790a000 JavaThread "Forward streams with process: command 'C:\Program Files\Android\Android Studio\jre\bin\java.exe' Thread 2" [_thread_in_native, id=7204, stack(0x00000000657c0000,0x00000000658c0000)]
  0x000000005790c800 JavaThread "Forward streams with process: command 'C:\Program Files\Android\Android Studio\jre\bin\java.exe'" [_thread_blocked, id=6756, stack(0x0000000065490000,0x0000000065590000)]
  0x000000005790b800 JavaThread "Run command 'C:\Program Files\Android\Android Studio\jre\bin\java.exe'" [_thread_in_native, id=6404, stack(0x0000000065280000,0x0000000065380000)]
  0x000000005ac58800 JavaThread "pool-7-thread-2" [_thread_blocked, id=6484, stack(0x0000000065040000,0x0000000065140000)]
  0x000000005c740800 JavaThread "pool-7-thread-3" [_thread_blocked, id=6164, stack(0x00000000624d0000,0x00000000625d0000)]
  0x000000005c745800 JavaThread "pool-7-thread-4" [_thread_blocked, id=5288, stack(0x0000000063c10000,0x0000000063d10000)]
  0x000000005c744000 JavaThread "pool-7-thread-1" [_thread_blocked, id=6460, stack(0x0000000061320000,0x0000000061420000)]
  0x000000005c73f800 JavaThread "pool-6-thread-4" [_thread_blocked, id=6888, stack(0x0000000061760000,0x0000000061860000)]
  0x000000005c745000 JavaThread "pool-6-thread-3" [_thread_in_native, id=6500, stack(0x0000000060860000,0x0000000060960000)]
  0x000000005c743800 JavaThread "pool-6-thread-2" [_thread_blocked, id=5280, stack(0x00000000620f0000,0x00000000621f0000)]
  0x0000000056551000 JavaThread "pool-6-thread-1" [_thread_blocked, id=6592, stack(0x0000000060300000,0x0000000060400000)]
  0x000000005c73f000 JavaThread "pool-4-thread-4" [_thread_blocked, id=6748, stack(0x0000000061d70000,0x0000000061e70000)]
  0x000000005ac5e800 JavaThread "pool-4-thread-3" [_thread_blocked, id=6588, stack(0x0000000060e00000,0x0000000060f00000)]
  0x000000005ac58000 JavaThread "pool-4-thread-2" [_thread_blocked, id=6652, stack(0x0000000061450000,0x0000000061550000)]
  0x000000005ac5b000 JavaThread "pool-4-thread-1" [_thread_blocked, id=6624, stack(0x0000000061220000,0x0000000061320000)]
  0x000000005ac5c800 JavaThread "Java2D Disposer" daemon [_thread_blocked, id=5492, stack(0x0000000062610000,0x0000000062710000)]
  0x00000000583b1800 JavaThread "File lock request listener" [_thread_in_native, id=2764, stack(0x000000005af60000,0x000000005b060000)]
  0x0000000057ef1800 JavaThread "Incoming local TCP Connector on port 49459" [_thread_in_native, id=4576, stack(0x0000000058c00000,0x0000000058d00000)]
  0x00000000565c9000 JavaThread "Service Thread" daemon [_thread_blocked, id=412, stack(0x00000000571a0000,0x00000000572a0000)]
=>0x0000000056549800 JavaThread "C1 CompilerThread2" daemon [_thread_in_vm, id=4544, stack(0x0000000056fe0000,0x00000000570e0000)]
  0x0000000056548800 JavaThread "C2 CompilerThread1" daemon [_thread_in_native, id=3832, stack(0x0000000056120000,0x0000000056220000)]
  0x0000000054f94000 JavaThread "C2 CompilerThread0" daemon [_thread_in_native, id=4580, stack(0x0000000056d50000,0x0000000056e50000)]
  0x0000000054f92800 JavaThread "Attach Listener" daemon [_thread_blocked, id=3644, stack(0x0000000056c20000,0x0000000056d20000)]
  0x0000000054f91800 JavaThread "Signal Dispatcher" daemon [_thread_blocked, id=4604, stack(0x00000000569d0000,0x0000000056ad0000)]
  0x0000000054f79000 JavaThread "Finalizer" daemon [_thread_blocked, id=5016, stack(0x0000000056440000,0x0000000056540000)]
  0x0000000054f32000 JavaThread "Reference Handler" daemon [_thread_blocked, id=3780, stack(0x0000000056280000,0x0000000056380000)]
  0x000000000046f800 JavaThread "main" [_thread_blocked, id=4612, stack(0x0000000002360000,0x0000000002460000)]

Other Threads:
  0x0000000054f2a800 VMThread [stack: 0x0000000055ff0000,0x00000000560f0000] [id=1908]
  0x0000000056580800 WatcherThread [stack: 0x0000000056eb0000,0x0000000056fb0000] [id=4216]

VM state:not at safepoint (normal execution)

VM Mutex/Monitor currently owned by a thread:  ([mutex/lock_event])
[0x000000000046e270] CompiledIC_lock - owner thread: 0x0000000056549800

Heap:
 PSYoungGen      total 215552K, used 159219K [0x00000000eab00000, 0x00000000fdc00000, 0x0000000100000000)
  eden space 208896K, 76% used [0x00000000eab00000,0x00000000f467cf50,0x00000000f7700000)
  from space 6656K, 0% used [0x00000000f7700000,0x00000000f7700000,0x00000000f7d80000)
  to   space 51712K, 0% used [0x00000000fa980000,0x00000000fa980000,0x00000000fdc00000)
 ParOldGen       total 257024K, used 73463K [0x00000000c0000000, 0x00000000cfb00000, 0x00000000eab00000)
  object space 257024K, 28% used [0x00000000c0000000,0x00000000c47bdec8,0x00000000cfb00000)
 Metaspace       used 84940K, capacity 88964K, committed 91648K, reserved 1128448K
  class space    used 10600K, capacity 11374K, committed 12032K, reserved 1048576K

Card table byte_map: [0x0000000011af0000,0x0000000011d00000] byte_map_base: 0x00000000114f0000

Marking Bits: (ParMarkBitMap*) 0x000000006fb73950
 Begin Bits: [0x00000000123a0000, 0x00000000133a0000)
 End Bits:   [0x00000000133a0000, 0x00000000143a0000)

Polling page: 0x0000000000430000

CodeCache: size=245760Kb used=69570Kb max_used=72062Kb free=176189Kb
 bounds [0x0000000002730000, 0x0000000006e10000, 0x0000000011730000]
 total_blobs=18375 nmethods=17476 adapters=809
 compilation: enabled

Compilation events (10 events):
Event: 6694.466 Thread 0x0000000056549800 23717       3       org.gradle.internal.event.DefaultListenerManager::access$100 (6 bytes)
Event: 6694.466 Thread 0x0000000056549800 nmethod 23717 0x0000000004346890 code [0x0000000004346a00, 0x0000000004346b68]
Event: 6694.562 Thread 0x0000000056549800 23718       3       com.google.common.base.Joiner::<init> (16 bytes)
Event: 6694.563 Thread 0x0000000056549800 nmethod 23718 0x000000000456b050 code [0x000000000456b1c0, 0x000000000456b4c8]
Event: 6694.592 Thread 0x0000000056549800 23719       3       org.gradle.api.internal.initialization.DefaultClassLoaderScope::buildEffectiveLoaders (411 bytes)
Event: 6694.596 Thread 0x0000000056549800 nmethod 23719 0x0000000005966f50 code [0x00000000059675c0, 0x000000000596b598]
Event: 6694.598 Thread 0x0000000056549800 23720       3       java.util.Collections$SetFromMap::contains (11 bytes)
Event: 6694.599 Thread 0x0000000056549800 nmethod 23720 0x00000000053d9e10 code [0x00000000053d9f80, 0x00000000053da1a8]
Event: 6694.599 Thread 0x0000000054f94000 23721   !   4       sun.nio.ch.SocketChannelImpl::write (385 bytes)
Event: 6694.599 Thread 0x0000000056548800 23722   !   4       sun.nio.ch.IOUtil::write (142 bytes)

GC Heap History (10 events):
Event: 6566.128 GC heap before
{Heap before GC invocations=74 (full 16):
 PSYoungGen      total 278016K, used 222752K [0x00000000eab00000, 0x00000000ffb00000, 0x0000000100000000)
  eden space 214016K, 100% used [0x00000000eab00000,0x00000000f7c00000,0x00000000f7c00000)
  from space 64000K, 13% used [0x00000000f7c00000,0x00000000f8488000,0x00000000fba80000)
  to   space 61440K, 0% used [0x00000000fbf00000,0x00000000fbf00000,0x00000000ffb00000)
 ParOldGen       total 257024K, used 98584K [0x00000000c0000000, 0x00000000cfb00000, 0x00000000eab00000)
  object space 257024K, 38% used [0x00000000c0000000,0x00000000c60463d8,0x00000000cfb00000)
 Metaspace       used 86197K, capacity 91082K, committed 91392K, reserved 1128448K
  class space    used 10914K, capacity 11854K, committed 12032K, reserved 1048576K
Event: 6566.148 GC heap after
Heap after GC invocations=74 (full 16):
 PSYoungGen      total 281600K, used 14608K [0x00000000eab00000, 0x00000000ff780000, 0x0000000100000000)
  eden space 223744K, 0% used [0x00000000eab00000,0x00000000eab00000,0x00000000f8580000)
  from space 57856K, 25% used [0x00000000fbf00000,0x00000000fcd44050,0x00000000ff780000)
  to   space 58368K, 0% used [0x00000000f8580000,0x00000000f8580000,0x00000000fbe80000)
 ParOldGen       total 257024K, used 98584K [0x00000000c0000000, 0x00000000cfb00000, 0x00000000eab00000)
  object space 257024K, 38% used [0x00000000c0000000,0x00000000c60463d8,0x00000000cfb00000)
 Metaspace       used 86197K, capacity 91082K, committed 91392K, reserved 1128448K
  class space    used 10914K, capacity 11854K, committed 12032K, reserved 1048576K
}
Event: 6581.799 GC heap before
{Heap before GC invocations=75 (full 16):
 PSYoungGen      total 281600K, used 238352K [0x00000000eab00000, 0x00000000ff780000, 0x0000000100000000)
  eden space 223744K, 100% used [0x00000000eab00000,0x00000000f8580000,0x00000000f8580000)
  from space 57856K, 25% used [0x00000000fbf00000,0x00000000fcd44050,0x00000000ff780000)
  to   space 58368K, 0% used [0x00000000f8580000,0x00000000f8580000,0x00000000fbe80000)
 ParOldGen       total 257024K, used 98584K [0x00000000c0000000, 0x00000000cfb00000, 0x00000000eab00000)
  object space 257024K, 38% used [0x00000000c0000000,0x00000000c60463d8,0x00000000cfb00000)
 Metaspace       used 86198K, capacity 91082K, committed 91392K, reserved 1128448K
  class space    used 10914K, capacity 11854K, committed 12032K, reserved 1048576K
Event: 6581.828 GC heap after
Heap after GC invocations=75 (full 16):
 PSYoungGen      total 238592K, used 22064K [0x00000000eab00000, 0x00000000fea00000, 0x0000000100000000)
  eden space 216064K, 0% used [0x00000000eab00000,0x00000000eab00000,0x00000000f7e00000)
  from space 22528K, 97% used [0x00000000f8580000,0x00000000f9b0c060,0x00000000f9b80000)
  to   space 55296K, 0% used [0x00000000fb400000,0x00000000fb400000,0x00000000fea00000)
 ParOldGen       total 257024K, used 98584K [0x00000000c0000000, 0x00000000cfb00000, 0x00000000eab00000)
  object space 257024K, 38% used [0x00000000c0000000,0x00000000c60463d8,0x00000000cfb00000)
 Metaspace       used 86198K, capacity 91082K, committed 91392K, reserved 1128448K
  class space    used 10914K, capacity 11854K, committed 12032K, reserved 1048576K
}
Event: 6597.415 GC heap before
{Heap before GC invocations=76 (full 16):
 PSYoungGen      total 238592K, used 238128K [0x00000000eab00000, 0x00000000fea00000, 0x0000000100000000)
  eden space 216064K, 100% used [0x00000000eab00000,0x00000000f7e00000,0x00000000f7e00000)
  from space 22528K, 97% used [0x00000000f8580000,0x00000000f9b0c060,0x00000000f9b80000)
  to   space 55296K, 0% used [0x00000000fb400000,0x00000000fb400000,0x00000000fea00000)
 ParOldGen       total 257024K, used 98584K [0x00000000c0000000, 0x00000000cfb00000, 0x00000000eab00000)
  object space 257024K, 38% used [0x00000000c0000000,0x00000000c60463d8,0x00000000cfb00000)
 Metaspace       used 86338K, capacity 91248K, committed 91648K, reserved 1128448K
  class space    used 10939K, capacity 11887K, committed 12032K, reserved 1048576K
Event: 6597.436 GC heap after
Heap after GC invocations=76 (full 16):
 PSYoungGen      total 251904K, used 13840K [0x00000000eab00000, 0x00000000fde00000, 0x0000000100000000)
  eden space 208896K, 0% used [0x00000000eab00000,0x00000000eab00000,0x00000000f7700000)
  from space 43008K, 32% used [0x00000000fb400000,0x00000000fc184050,0x00000000fde00000)
  to   space 52736K, 0% used [0x00000000f7700000,0x00000000f7700000,0x00000000faa80000)
 ParOldGen       total 257024K, used 98584K [0x00000000c0000000, 0x00000000cfb00000, 0x00000000eab00000)
  object space 257024K, 38% used [0x00000000c0000000,0x00000000c60463d8,0x00000000cfb00000)
 Metaspace       used 86338K, capacity 91248K, committed 91648K, reserved 1128448K
  class space    used 10939K, capacity 11887K, committed 12032K, reserved 1048576K
}
Event: 6613.273 GC heap before
{Heap before GC invocations=77 (full 16):
 PSYoungGen      total 251904K, used 85887K [0x00000000eab00000, 0x00000000fde00000, 0x0000000100000000)
  eden space 208896K, 34% used [0x00000000eab00000,0x00000000ef15bf78,0x00000000f7700000)
  from space 43008K, 32% used [0x00000000fb400000,0x00000000fc184050,0x00000000fde00000)
  to   space 52736K, 0% used [0x00000000f7700000,0x00000000f7700000,0x00000000faa80000)
 ParOldGen       total 257024K, used 98584K [0x00000000c0000000, 0x00000000cfb00000, 0x00000000eab00000)
  object space 257024K, 38% used [0x00000000c0000000,0x00000000c60463d8,0x00000000cfb00000)
 Metaspace       used 86367K, capacity 91254K, committed 91648K, reserved 1128448K
  class space    used 10944K, capacity 11888K, committed 12032K, reserved 1048576K
Event: 6613.389 GC heap after
Heap after GC invocations=77 (full 16):
 PSYoungGen      total 215552K, used 6192K [0x00000000eab00000, 0x00000000fdc00000, 0x0000000100000000)
  eden space 208896K, 0% used [0x00000000eab00000,0x00000000eab00000,0x00000000f7700000)
  from space 6656K, 93% used [0x00000000f7700000,0x00000000f7d0c090,0x00000000f7d80000)
  to   space 51712K, 0% used [0x00000000fa980000,0x00000000fa980000,0x00000000fdc00000)
 ParOldGen       total 257024K, used 98584K [0x00000000c0000000, 0x00000000cfb00000, 0x00000000eab00000)
  object space 257024K, 38% used [0x00000000c0000000,0x00000000c60463d8,0x00000000cfb00000)
 Metaspace       used 86367K, capacity 91254K, committed 91648K, reserved 1128448K
  class space    used 10944K, capacity 11888K, committed 12032K, reserved 1048576K
}
Event: 6613.389 GC heap before
{Heap before GC invocations=78 (full 17):
 PSYoungGen      total 215552K, used 6192K [0x00000000eab00000, 0x00000000fdc00000, 0x0000000100000000)
  eden space 208896K, 0% used [0x00000000eab00000,0x00000000eab00000,0x00000000f7700000)
  from space 6656K, 93% used [0x00000000f7700000,0x00000000f7d0c090,0x00000000f7d80000)
  to   space 51712K, 0% used [0x00000000fa980000,0x00000000fa980000,0x00000000fdc00000)
 ParOldGen       total 257024K, used 98584K [0x00000000c0000000, 0x00000000cfb00000, 0x00000000eab00000)
  object space 257024K, 38% used [0x00000000c0000000,0x00000000c60463d8,0x00000000cfb00000)
 Metaspace       used 86367K, capacity 91254K, committed 91648K, reserved 1128448K
  class space    used 10944K, capacity 11888K, committed 12032K, reserved 1048576K
Event: 6615.076 GC heap after
Heap after GC invocations=78 (full 17):
 PSYoungGen      total 215552K, used 0K [0x00000000eab00000, 0x00000000fdc00000, 0x0000000100000000)
  eden space 208896K, 0% used [0x00000000eab00000,0x00000000eab00000,0x00000000f7700000)
  from space 6656K, 0% used [0x00000000f7700000,0x00000000f7700000,0x00000000f7d80000)
  to   space 51712K, 0% used [0x00000000fa980000,0x00000000fa980000,0x00000000fdc00000)
 ParOldGen       total 257024K, used 73463K [0x00000000c0000000, 0x00000000cfb00000, 0x00000000eab00000)
  object space 257024K, 28% used [0x00000000c0000000,0x00000000c47bdec8,0x00000000cfb00000)
 Metaspace       used 84643K, capacity 88500K, committed 91648K, reserved 1128448K
  class space    used 10559K, capacity 11310K, committed 12032K, reserved 1048576K
}

Deoptimization events (10 events):
Event: 6693.729 Thread 0x000000005c745800 Uncommon trap: reason=unstable_if action=reinterpret pc=0x00000000032305d8 method=com.android.ide.common.blame.SourceFile.equals(Ljava/lang/Object;)Z @ 2
Event: 6693.729 Thread 0x000000005c745800 Uncommon trap: reason=unstable_if action=reinterpret pc=0x0000000003f718cc method=com.android.ide.common.blame.SourceFilePositionJsonSerializer.write(Lcom/google/gson/stream/JsonWriter;Lcom/android/ide/common/blame/SourceFilePosition;)V @ 17
Event: 6693.729 Thread 0x000000005c745800 Uncommon trap: reason=unstable_if action=reinterpret pc=0x0000000002c4c830 method=com.google.gson.stream.JsonWriter.close(IILjava/lang/String;)Lcom/google/gson/stream/JsonWriter; @ 9
Event: 6693.759 Thread 0x000000005c745800 Uncommon trap: reason=class_check action=maybe_recompile pc=0x00000000061305fc method=com.google.gson.stream.JsonWriter.open(ILjava/lang/String;)Lcom/google/gson/stream/JsonWriter; @ 15
Event: 6693.759 Thread 0x000000005c745800 Uncommon trap: reason=class_check action=maybe_recompile pc=0x0000000004341b6c method=com.google.gson.stream.JsonWriter.beforeValue(Z)V @ 132
Event: 6693.759 Thread 0x000000005c745800 Uncommon trap: reason=class_check action=maybe_recompile pc=0x0000000002b3ad94 method=com.google.gson.stream.JsonWriter.beforeName()V @ 16
Event: 6693.759 Thread 0x000000005c745800 Uncommon trap: reason=class_check action=maybe_recompile pc=0x0000000002b3ad94 method=com.google.gson.stream.JsonWriter.beforeName()V @ 16
Event: 6693.759 Thread 0x000000005c745800 Uncommon trap: reason=class_check action=maybe_recompile pc=0x00000000061305fc method=com.google.gson.stream.JsonWriter.open(ILjava/lang/String;)Lcom/google/gson/stream/JsonWriter; @ 15
Event: 6694.589 Thread 0x000000005ad30000 Uncommon trap: reason=unstable_if action=reinterpret pc=0x0000000006876504 method=com.google.common.util.concurrent.AbstractFuture$Sync.getValue()Ljava/lang/Object; @ 44
Event: 6694.589 Thread 0x000000005ad30000 Uncommon trap: reason=unloaded action=reinterpret pc=0x000000000460d084 method=com.google.common.cache.LocalCache$Segment.get(Ljava/lang/Object;ILcom/google/common/cache/CacheLoader;)Ljava/lang/Object; @ 167

Classes redefined (0 events):
No events

Internal exceptions (10 events):
Event: 6681.737 Thread 0x0000000056551800 Exception <a 'java/lang/NoSuchMethodError': <clinit>> (0x00000000ef3ade68) thrown at [D:\src\AOSP-openjdk-cygwin\jdk8u\hotspot\src\share\vm\prims\jni.cpp, line 1613]
Event: 6681.740 Thread 0x0000000056551800 Exception <a 'java/lang/NoSuchMethodError': <clinit>> (0x00000000ef3d95b8) thrown at [D:\src\AOSP-openjdk-cygwin\jdk8u\hotspot\src\share\vm\prims\jni.cpp, line 1613]
Event: 6681.741 Thread 0x0000000056551800 Exception <a 'java/lang/NoSuchMethodError': <clinit>> (0x00000000ef3e2680) thrown at [D:\src\AOSP-openjdk-cygwin\jdk8u\hotspot\src\share\vm\prims\jni.cpp, line 1613]
Event: 6681.742 Thread 0x0000000056551800 Exception <a 'java/lang/NoSuchMethodError': <clinit>> (0x00000000ef401828) thrown at [D:\src\AOSP-openjdk-cygwin\jdk8u\hotspot\src\share\vm\prims\jni.cpp, line 1613]
Event: 6683.570 Thread 0x000000005ad30000 Exception <a 'java/lang/NoSuchMethodError': <clinit>> (0x00000000ef4b5428) thrown at [D:\src\AOSP-openjdk-cygwin\jdk8u\hotspot\src\share\vm\prims\jni.cpp, line 1613]
Event: 6683.571 Thread 0x000000005ad30000 Exception <a 'java/lang/NoSuchMethodError': <clinit>> (0x00000000ef4bd5a0) thrown at [D:\src\AOSP-openjdk-cygwin\jdk8u\hotspot\src\share\vm\prims\jni.cpp, line 1613]
Event: 6685.828 Thread 0x000000005ad30000 Exception <a 'java/lang/ClassNotFoundException': sync_local_repo106_7waumhyzk7pykij9da6rr7or6BeanInfo> (0x00000000f0073150) thrown at [D:\src\AOSP-openjdk-cygwin\jdk8u\hotspot\src\share\vm\classfile\systemDictionary.cpp, line 210]
Event: 6685.828 Thread 0x000000005ad30000 Exception <a 'java/lang/ClassNotFoundException': sync_local_repo106_7waumhyzk7pykij9da6rr7or6Customizer> (0x00000000f007ccf0) thrown at [D:\src\AOSP-openjdk-cygwin\jdk8u\hotspot\src\share\vm\classfile\systemDictionary.cpp, line 210]
Event: 6694.589 Thread 0x000000005ad30000 Exception <a 'java/lang/OutOfMemoryError'> (0x00000000f43b0948) thrown at [D:\src\AOSP-openjdk-cygwin\jdk8u\hotspot\src\share\vm\prims\jni.cpp, line 735]
Event: 6694.591 Thread 0x000000005ad2f000 Exception <a 'java/io/IOException': CreateProcess error=1455, The paging file is too small for this operation to complete> (0x00000000f43c97f8) thrown at [D:\src\AOSP-openjdk-cygwin\jdk8u\hotspot\src\share\vm\prims\jni.cpp, line 735]

Events (10 events):
Event: 6694.600 Thread 0x0000000056549800 flushing nmethod 0x0000000005cd7550
Event: 6694.601 Thread 0x0000000056549800 flushing nmethod 0x0000000005f31c50
Event: 6694.601 Thread 0x0000000056549800 flushing nmethod 0x0000000005f32990
Event: 6694.601 Thread 0x0000000056549800 flushing nmethod 0x0000000005f336d0
Event: 6694.601 Thread 0x0000000056549800 flushing nmethod 0x0000000005f34410
Event: 6694.601 Thread 0x0000000056549800 flushing nmethod 0x0000000005f35010
Event: 6694.601 Thread 0x0000000056549800 flushing nmethod 0x0000000005f8a750
Event: 6694.601 Thread 0x0000000056549800 flushing nmethod 0x0000000005f9b410
Event: 6694.601 Thread 0x0000000056549800 flushing nmethod 0x0000000005f9b6d0
Event: 6694.601 Thread 0x0000000056549800 flushing nmethod 0x0000000005f9bed0


Dynamic libraries:
0x000000013fff0000 - 0x0000000140021000 	C:\Program Files\Android\Android Studio\jre\bin\java.exe
0x00000000778a0000 - 0x0000000077a49000 	C:\Windows\SYSTEM32\ntdll.dll
0x0000000077780000 - 0x000000007789f000 	C:\Windows\system32\kernel32.dll
0x000007fefd8c0000 - 0x000007fefd92b000 	C:\Windows\system32\KERNELBASE.dll
0x000007fefed60000 - 0x000007fefee3b000 	C:\Windows\system32\ADVAPI32.dll
0x000007fefe950000 - 0x000007fefe9ef000 	C:\Windows\system32\msvcrt.dll
0x000007fefe9f0000 - 0x000007fefea0f000 	C:\Windows\SYSTEM32\sechost.dll
0x000007feffa20000 - 0x000007feffb4d000 	C:\Windows\system32\RPCRT4.dll
0x0000000077680000 - 0x000000007777a000 	C:\Windows\system32\USER32.dll
0x000007feff640000 - 0x000007feff6a7000 	C:\Windows\system32\GDI32.dll
0x000007feff270000 - 0x000007feff27e000 	C:\Windows\system32\LPK.dll
0x000007fefefc0000 - 0x000007feff089000 	C:\Windows\system32\USP10.dll
0x000007fefc1a0000 - 0x000007fefc394000 	C:\Windows\WinSxS\amd64_microsoft.windows.common-controls_6595b64144ccf1df_6.0.7601.17514_none_fa396087175ac9ac\COMCTL32.dll
0x000007fefeea0000 - 0x000007fefef11000 	C:\Windows\system32\SHLWAPI.dll
0x000007feff610000 - 0x000007feff63e000 	C:\Windows\system32\IMM32.DLL
0x000007feff6b0000 - 0x000007feff7b9000 	C:\Windows\system32\MSCTF.dll
0x000000006fd80000 - 0x000000006fe52000 	C:\Program Files\Android\Android Studio\jre\jre\bin\msvcr100.dll
0x000000006f3b0000 - 0x000000006fbee000 	C:\Program Files\Android\Android Studio\jre\jre\bin\server\jvm.dll
0x000007fef8680000 - 0x000007fef8689000 	C:\Windows\system32\WSOCK32.dll
0x000007feffb60000 - 0x000007feffbad000 	C:\Windows\system32\WS2_32.dll
0x000007feffb50000 - 0x000007feffb58000 	C:\Windows\system32\NSI.dll
0x000007fefb040000 - 0x000007fefb07b000 	C:\Windows\system32\WINMM.dll
0x000007fefc790000 - 0x000007fefc79c000 	C:\Windows\system32\VERSION.dll
0x0000000077a60000 - 0x0000000077a67000 	C:\Windows\system32\PSAPI.DLL
0x000007fef8690000 - 0x000007fef869f000 	C:\Program Files\Android\Android Studio\jre\jre\bin\verify.dll
0x000007fef8590000 - 0x000007fef85b9000 	C:\Program Files\Android\Android Studio\jre\jre\bin\java.dll
0x000007fef8660000 - 0x000007fef8676000 	C:\Program Files\Android\Android Studio\jre\jre\bin\zip.dll
0x000007fefdbc0000 - 0x000007fefe948000 	C:\Windows\system32\SHELL32.dll
0x000007feff400000 - 0x000007feff603000 	C:\Windows\system32\ole32.dll
0x000007fefd7f0000 - 0x000007fefd7ff000 	C:\Windows\system32\profapi.dll
0x000007fef8640000 - 0x000007fef865a000 	C:\Program Files\Android\Android Studio\jre\jre\bin\net.dll
0x000007fefd020000 - 0x000007fefd075000 	C:\Windows\system32\mswsock.dll
0x000007fefd010000 - 0x000007fefd017000 	C:\Windows\System32\wship6.dll
0x000007fef8570000 - 0x000007fef8581000 	C:\Program Files\Android\Android Studio\jre\jre\bin\nio.dll
0x000007fef8b80000 - 0x000007fef8b92000 	C:\Users\db\.gradle\native\19\windows-amd64\native-platform.dll
0x000007fefa8d0000 - 0x000007fefa8f7000 	C:\Windows\system32\IPHLPAPI.DLL
0x000007fefa9c0000 - 0x000007fefa9cb000 	C:\Windows\system32\WINNSI.DLL
0x000007fefa800000 - 0x000007fefa811000 	C:\Windows\system32\dhcpcsvc6.DLL
0x000007fefa7e0000 - 0x000007fefa7f8000 	C:\Windows\system32\dhcpcsvc.DLL
0x000007fefd080000 - 0x000007fefd097000 	C:\Windows\system32\CRYPTSP.dll
0x000007fefcd80000 - 0x000007fefcdc7000 	C:\Windows\system32\rsaenh.dll
0x000007fefcb30000 - 0x000007fefcb4e000 	C:\Windows\system32\USERENV.dll
0x000007fefd720000 - 0x000007fefd72f000 	C:\Windows\system32\CRYPTBASE.dll
0x000007fefd6c0000 - 0x000007fefd717000 	C:\Windows\system32\apphelp.dll
0x000007fef8560000 - 0x000007fef856d000 	C:\Program Files\Android\Android Studio\jre\jre\bin\management.dll
0x000007fef7b80000 - 0x000007fef7d15000 	C:\Program Files\Android\Android Studio\jre\jre\bin\awt.dll
0x000007fefec00000 - 0x000007fefecd7000 	C:\Windows\system32\OLEAUT32.dll
0x000007fef7a90000 - 0x000007fef7b72000 	C:\Windows\system32\d2d1.dll
0x000007fefbb60000 - 0x000007fefbb78000 	C:\Windows\system32\DWMAPI.DLL
0x000007fee2960000 - 0x000007fee2984000 	C:\Program Files\Android\Android Studio\jre\jre\bin\sunec.dll
0x000007fefca20000 - 0x000007fefca27000 	C:\Windows\System32\wshtcpip.dll
0x000007fefcea0000 - 0x000007fefcefb000 	C:\Windows\system32\DNSAPI.dll
0x000007fef8d40000 - 0x000007fef8d48000 	C:\Windows\system32\rasadhlp.dll
0x000007fefa910000 - 0x000007fefa963000 	C:\Windows\System32\fwpuclnt.dll
0x000007fee2950000 - 0x000007fee295b000 	C:\Program Files\Android\Android Studio\jre\jre\bin\sunmscapi.dll
0x000007fefd9b0000 - 0x000007fefdb17000 	C:\Windows\system32\CRYPT32.dll
0x000007fefd890000 - 0x000007fefd89f000 	C:\Windows\system32\MSASN1.dll

VM Arguments:
jvm_args: -XX:MaxPermSize=256m -XX:+HeapDumpOnOutOfMemoryError -Xmx1024m -Dfile.encoding=windows-1252 -Duser.country=US -Duser.language=en -Duser.variant 
java_command: org.gradle.launcher.daemon.bootstrap.GradleDaemon 2.10
java_class_path (initial): C:\Users\db\.gradle\wrapper\dists\gradle-2.10-all\a4w5fzrkeut1ox71xslb49gst\gradle-2.10\lib\gradle-launcher-2.10.jar
Launcher Type: SUN_STANDARD

Environment Variables:
PATH=C:\ProgramData\Oracle\Java\javapath;C:\Program Files (x86)\Common Files\Intel\Shared Files\cpp\bin\Intel64;c:\OraHome_1\bin;c:\OraHome_1\jre\1.4.2\bin\client;c:\OraHome_1\jre\1.4.2\bin;c:\DevSuiteHome_1\jdk\jre\bin\classic;c:\DevSuiteHome_1\jdk\jre\bin;c:\DevSuiteHome_1\jdk\jre\bin\client;c:\DevSuiteHome_1\jlib;c:\DevSuiteHome_1\bin;c:\DevSuiteHome_1\jre\1.4.2\bin\client;c:\DevSuiteHome_1\jre\1.4.2\bin;C:\Windows\system32;C:\Windows;C:\Windows\System32\Wbem;C:\Windows\System32\WindowsPowerShell\v1.0\;C:\Program Files\Java\jdk1.8.0_101\bin;C:\Program Files (x86)\Skype\Phone\;C:\Program Files\nodejs\;C:\Users\db\AppData\Roaming\npm
USERNAME=db
OS=Windows_NT
PROCESSOR_IDENTIFIER=Intel64 Family 6 Model 60 Stepping 3, GenuineIntel



---------------  S Y S T E M  ---------------

OS: Windows 7 , 64 bit Build 7601 (6.1.7601.17514)

CPU:total 4 (initial active 4) (2 cores per cpu, 2 threads per core) family 6 model 60 stepping 3, cmov, cx8, fxsr, mmx, sse, sse2, sse3, ssse3, sse4.1, sse4.2, popcnt, avx, avx2, aes, clmul, erms, lzcnt, ht, tsc, tscinvbit, bmi1, bmi2

Memory: 4k page, physical 8256556k(754668k free), swap 9893108k(3988k free)

vm_info: OpenJDK 64-Bit Server VM (25.152-b01) for windows-amd64 JRE (1.8.0_152-release-915-b01), built by "builder" with MS VC++ 10.0 (VS2010)

time: Thu Nov 23 12:45:08 2017
elapsed time: 6694 seconds (0d 1h 51m 34s)

