#
# There is insufficient memory for the Java Runtime Environment to continue.
# Native memory allocation (malloc) failed to allocate 40976 bytes for Chunk::new
# Possible reasons:
#   The system is out of physical RAM or swap space
#   In 32 bit mode, the process size limit was hit
# Possible solutions:
#   Reduce memory load on the system
#   Increase physical memory or swap space
#   Check if swap backing store is full
#   Use 64 bit Java on a 64 bit OS
#   Decrease Java heap size (-Xmx/-Xms)
#   Decrease number of Java threads
#   Decrease Java thread stack sizes (-Xss)
#   Set larger code cache with -XX:ReservedCodeCacheSize=
# This output file may be truncated or incomplete.
#
#  Out of Memory Error (allocation.cpp:390), pid=7392, tid=0x0000000000001c54
#
# JRE version: OpenJDK Runtime Environment (8.0_152-b01) (build 1.8.0_152-release-915-b01)
# Java VM: OpenJDK 64-Bit Server VM (25.152-b01 mixed mode windows-amd64 compressed oops)
# Failed to write core dump. Minidumps are not enabled by default on client versions of Windows
#

---------------  T H R E A D  ---------------

Current thread (0x000000005519e800):  JavaThread "C1 CompilerThread2" daemon [_thread_in_native, id=7252, stack(0x0000000057090000,0x0000000057190000)]

Stack: [0x0000000057090000,0x0000000057190000]
[error occurred during error reporting (printing stack bounds), id 0xc0000005]

Native frames: (J=compiled Java code, j=interpreted, Vv=VM code, C=native code)


Current CompileTask:
C1:    401  650   !   3       com.android.dx.cf.code.RopperMachine::run (1550 bytes)


---------------  P R O C E S S  ---------------

Java Threads: ( => current thread )
  0x0000000056d92000 JavaThread "pool-1-thread-4" [_thread_in_Java, id=7128, stack(0x0000000057510000,0x0000000057610000)]
  0x0000000056ccf800 JavaThread "pool-1-thread-2" [_thread_in_Java, id=6440, stack(0x0000000057740000,0x0000000057840000)]
  0x0000000056cce000 JavaThread "pool-2-thread-1" [_thread_blocked, id=7148, stack(0x0000000057620000,0x0000000057720000)]
  0x0000000056ccd000 JavaThread "pool-1-thread-1" [_thread_in_Java, id=7332, stack(0x00000000573d0000,0x00000000574d0000)]
  0x0000000056b75000 JavaThread "Service Thread" daemon [_thread_blocked, id=7664, stack(0x0000000057220000,0x0000000057320000)]
=>0x000000005519e800 JavaThread "C1 CompilerThread2" daemon [_thread_in_native, id=7252, stack(0x0000000057090000,0x0000000057190000)]
  0x000000005519c800 JavaThread "C2 CompilerThread1" daemon [_thread_in_native, id=7532, stack(0x0000000056f60000,0x0000000057060000)]
  0x0000000055195800 JavaThread "C2 CompilerThread0" daemon [_thread_in_native, id=6644, stack(0x00000000569f0000,0x0000000056af0000)]
  0x0000000055194000 JavaThread "Attach Listener" daemon [_thread_blocked, id=8184, stack(0x00000000567c0000,0x00000000568c0000)]
  0x0000000055190800 JavaThread "Signal Dispatcher" daemon [_thread_blocked, id=7212, stack(0x0000000056530000,0x0000000056630000)]
  0x0000000055178000 JavaThread "Finalizer" daemon [_thread_blocked, id=7232, stack(0x0000000056360000,0x0000000056460000)]
  0x0000000055131000 JavaThread "Reference Handler" daemon [_thread_blocked, id=3076, stack(0x0000000056040000,0x0000000056140000)]
  0x00000000021ce800 JavaThread "main" [_thread_blocked, id=2408, stack(0x00000000024c0000,0x00000000025c0000)]

Other Threads:
  0x0000000055129800 VMThread [stack: 0x0000000056150000,0x0000000056250000] [id=6696]
  0x0000000056b77800 WatcherThread [stack: 0x00000000566a0000,0x00000000567a0000] [id=3420]

VM state:not at safepoint (normal execution)

VM Mutex/Monitor currently owned by a thread: None

Heap:
 PSYoungGen      total 37888K, used 15077K [0x00000000eab00000, 0x00000000ed500000, 0x0000000100000000)
  eden space 32768K, 46% used [0x00000000eab00000,0x00000000eb9b97b8,0x00000000ecb00000)
  from space 5120K, 0% used [0x00000000ed000000,0x00000000ed000000,0x00000000ed500000)
  to   space 5120K, 0% used [0x00000000ecb00000,0x00000000ecb00000,0x00000000ed000000)
 ParOldGen       total 86016K, used 0K [0x00000000c0000000, 0x00000000c5400000, 0x00000000eab00000)
  object space 86016K, 0% used [0x00000000c0000000,0x00000000c0000000,0x00000000c5400000)
 Metaspace       used 5721K, capacity 6640K, committed 6784K, reserved 1056768K
  class space    used 585K, capacity 616K, committed 640K, reserved 1048576K

Card table byte_map: [0x0000000011c50000,0x0000000011e60000] byte_map_base: 0x0000000011650000

Marking Bits: (ParMarkBitMap*) 0x000000006fb73950
 Begin Bits: [0x00000000125a0000, 0x00000000135a0000)
 End Bits:   [0x00000000135a0000, 0x00000000145a0000)

Polling page: 0x0000000000140000

CodeCache: size=245760Kb used=2516Kb max_used=2527Kb free=243243Kb
 bounds [0x0000000002890000, 0x0000000002b10000, 0x0000000011890000]
 total_blobs=904 nmethods=637 adapters=181
 compilation: enabled

Compilation events (10 events):
Event: 0.390 Thread 0x0000000055195800 nmethod 636 0x0000000002b04c10 code [0x0000000002b04d80, 0x0000000002b05298]
Event: 0.390 Thread 0x0000000055195800  659       4       com.android.dx.ssa.SsaBasicBlock::isReachable (29 bytes)
Event: 0.390 Thread 0x0000000055195800 nmethod 659 0x0000000002af5b50 code [0x0000000002af5c80, 0x0000000002af5cf8]
Event: 0.390 Thread 0x0000000055195800  660       4       com.android.dx.ssa.SsaMethod::getExitBlock (26 bytes)
Event: 0.391 Thread 0x000000005519c800 nmethod 655 0x0000000002afdf90 code [0x0000000002afe0e0, 0x0000000002afe238]
Event: 0.391 Thread 0x0000000055195800 nmethod 660 0x0000000002b04810 code [0x0000000002b04960, 0x0000000002b04a58]
Event: 0.395 Thread 0x000000005519c800  661       4       com.android.dx.rop.code.RegisterSpec::getCategory (13 bytes)
Event: 0.396 Thread 0x000000005519c800 nmethod 661 0x0000000002b07ad0 code [0x0000000002b07c20, 0x0000000002b07cb8]
Event: 0.400 Thread 0x0000000055195800  669   !   4       com.android.dx.rop.code.RegisterSpec::intern (70 bytes)
Event: 0.401 Thread 0x000000005519c800  663       4       java.util.BitSet::<init> (56 bytes)

GC Heap History (0 events):
No events

Deoptimization events (0 events):
No events

Classes redefined (0 events):
No events

Internal exceptions (2 events):
Event: 0.026 Thread 0x00000000021ce800 Exception <a 'java/lang/NoSuchMethodError': Method sun.misc.Unsafe.defineClass(Ljava/lang/String;[BII)Ljava/lang/Class; name or signature does not match> (0x00000000eab07ca8) thrown at [D:\src\AOSP-openjdk-cygwin\jdk8u\hotspot\src\share\vm\prims\jni.cpp, 
Event: 0.026 Thread 0x00000000021ce800 Exception <a 'java/lang/NoSuchMethodError': Method sun.misc.Unsafe.prefetchRead(Ljava/lang/Object;J)V name or signature does not match> (0x00000000eab07f90) thrown at [D:\src\AOSP-openjdk-cygwin\jdk8u\hotspot\src\share\vm\prims\jni.cpp, line 4011]

Events (10 events):
Event: 0.308 loading class java/util/HashMap$ValueIterator done
Event: 0.319 loading class com/android/dx/dex/file/UniformListItem
Event: 0.319 loading class com/android/dx/dex/file/UniformListItem done
Event: 0.319 loading class com/android/dx/dex/file/AnnotationSetRefItem
Event: 0.319 loading class com/android/dx/dex/file/AnnotationSetRefItem done
Event: 0.357 Thread 0x0000000056d8d000 Thread exited: 0x0000000056d8d000
Event: 0.379 loading class com/android/dx/rop/code/LocalItem
Event: 0.379 loading class com/android/dx/rop/code/LocalItem done
Event: 0.400 loading class com/android/dx/rop/code/RegOps
Event: 0.400 loading class com/android/dx/rop/code/RegOps done


Dynamic libraries:
0x000000013fff0000 - 0x0000000140021000 	C:\Program Files\Android\Android Studio\jre\bin\java.exe
0x00000000778a0000 - 0x0000000077a49000 	C:\Windows\SYSTEM32\ntdll.dll
0x0000000077780000 - 0x000000007789f000 	C:\Windows\system32\kernel32.dll
0x000007fefd8c0000 - 0x000007fefd92b000 	C:\Windows\system32\KERNELBASE.dll
0x000007fefed60000 - 0x000007fefee3b000 	C:\Windows\system32\ADVAPI32.dll
0x000007fefe950000 - 0x000007fefe9ef000 	C:\Windows\system32\msvcrt.dll
0x000007fefe9f0000 - 0x000007fefea0f000 	C:\Windows\SYSTEM32\sechost.dll
0x000007feffa20000 - 0x000007feffb4d000 	C:\Windows\system32\RPCRT4.dll
0x0000000077680000 - 0x000000007777a000 	C:\Windows\system32\USER32.dll
0x000007feff640000 - 0x000007feff6a7000 	C:\Windows\system32\GDI32.dll
0x000007feff270000 - 0x000007feff27e000 	C:\Windows\system32\LPK.dll
0x000007fefefc0000 - 0x000007feff089000 	C:\Windows\system32\USP10.dll
0x000007fefc1a0000 - 0x000007fefc394000 	C:\Windows\WinSxS\amd64_microsoft.windows.common-controls_6595b64144ccf1df_6.0.7601.17514_none_fa396087175ac9ac\COMCTL32.dll
0x000007fefeea0000 - 0x000007fefef11000 	C:\Windows\system32\SHLWAPI.dll
0x000007feff610000 - 0x000007feff63e000 	C:\Windows\system32\IMM32.DLL
0x000007feff6b0000 - 0x000007feff7b9000 	C:\Windows\system32\MSCTF.dll
0x000000006fd80000 - 0x000000006fe52000 	C:\Program Files\Android\Android Studio\jre\jre\bin\msvcr100.dll
0x000000006f3b0000 - 0x000000006fbee000 	C:\Program Files\Android\Android Studio\jre\jre\bin\server\jvm.dll
0x000007fef8680000 - 0x000007fef8689000 	C:\Windows\system32\WSOCK32.dll
0x000007feffb60000 - 0x000007feffbad000 	C:\Windows\system32\WS2_32.dll
0x000007feffb50000 - 0x000007feffb58000 	C:\Windows\system32\NSI.dll
0x000007fefb040000 - 0x000007fefb07b000 	C:\Windows\system32\WINMM.dll
0x000007fefc790000 - 0x000007fefc79c000 	C:\Windows\system32\VERSION.dll
0x0000000077a60000 - 0x0000000077a67000 	C:\Windows\system32\PSAPI.DLL
0x000007fef8690000 - 0x000007fef869f000 	C:\Program Files\Android\Android Studio\jre\jre\bin\verify.dll
0x000007fef8590000 - 0x000007fef85b9000 	C:\Program Files\Android\Android Studio\jre\jre\bin\java.dll
0x000007fef8660000 - 0x000007fef8676000 	C:\Program Files\Android\Android Studio\jre\jre\bin\zip.dll
0x000007fefdbc0000 - 0x000007fefe948000 	C:\Windows\system32\SHELL32.dll
0x000007feff400000 - 0x000007feff603000 	C:\Windows\system32\ole32.dll
0x000007fefd7f0000 - 0x000007fefd7ff000 	C:\Windows\system32\profapi.dll

VM Arguments:
jvm_args: -Djava.awt.headless=true -Xmx1024M -Dfile.encoding=windows-1252 -Duser.country=US -Duser.language=en -Duser.variant 
java_command: com.android.dx.command.Main --dex --num-threads=4 --output D:\MyPC\androidworkplace\SalesManagement\app\build\intermediates\pre-dexed\debug\com.google.firebase-firebase-storage-common-9.0.2_cef01d21b48be4b1503f2792423f9ac23472de59.jar D:\MyPC\androidworkplace\SalesManagement\app\build\intermediates\exploded-aar\com.google.firebase\firebase-storage-common\9.0.2\jars\classes.jar
java_class_path (initial): C:\Users\db\AppData\Local\Android\Sdk\build-tools\25.0.2\lib\dx.jar
Launcher Type: SUN_STANDARD

Environment Variables:
PATH=C:\ProgramData\Oracle\Java\javapath;C:\Program Files (x86)\Common Files\Intel\Shared Files\cpp\bin\Intel64;c:\OraHome_1\bin;c:\OraHome_1\jre\1.4.2\bin\client;c:\OraHome_1\jre\1.4.2\bin;c:\DevSuiteHome_1\jdk\jre\bin\classic;c:\DevSuiteHome_1\jdk\jre\bin;c:\DevSuiteHome_1\jdk\jre\bin\client;c:\DevSuiteHome_1\jlib;c:\DevSuiteHome_1\bin;c:\DevSuiteHome_1\jre\1.4.2\bin\client;c:\DevSuiteHome_1\jre\1.4.2\bin;C:\Windows\system32;C:\Windows;C:\Windows\System32\Wbem;C:\Windows\System32\WindowsPowerShell\v1.0\;C:\Program Files\Java\jdk1.8.0_101\bin;C:\Program Files (x86)\Skype\Phone\;C:\Program Files\nodejs\;C:\Users\db\AppData\Roaming\npm
USERNAME=db
OS=Windows_NT
PROCESSOR_IDENTIFIER=Intel64 Family 6 Model 60 Stepping 3, GenuineIntel



---------------  S Y S T E M  ---------------

OS: Windows 7 , 64 bit Build 7601 (6.1.7601.17514)

CPU:total 4 (initial active 4) (2 cores per cpu, 2 threads per core) family 6 model 60 stepping 3, cmov, cx8, fxsr, mmx, sse, sse2, sse3, ssse3, sse4.1, sse4.2, popcnt, avx, avx2, aes, clmul, erms, lzcnt, ht, tsc, tscinvbit, bmi1, bmi2

Memory: 4k page, physical 8256556k(754808k free), swap 9893108k(3724k free)

vm_info: OpenJDK 64-Bit Server VM (25.152-b01) for windows-amd64 JRE (1.8.0_152-release-915-b01), built by "builder" with MS VC++ 10.0 (VS2010)

time: Thu Nov 23 12:45:08 2017
elapsed time: 0 seconds (0d 0h 0m 0s)

