#
# There is insufficient memory for the Java Runtime Environment to continue.
# Native memory allocation (malloc) failed to allocate 724896 bytes for Chunk::new
# Possible reasons:
#   The system is out of physical RAM or swap space
#   In 32 bit mode, the process size limit was hit
# Possible solutions:
#   Reduce memory load on the system
#   Increase physical memory or swap space
#   Check if swap backing store is full
#   Use 64 bit Java on a 64 bit OS
#   Decrease Java heap size (-Xmx/-Xms)
#   Decrease number of Java threads
#   Decrease Java thread stack sizes (-Xss)
#   Set larger code cache with -XX:ReservedCodeCacheSize=
# This output file may be truncated or incomplete.
#
#  Out of Memory Error (allocation.cpp:390), pid=6856, tid=0x0000000000001bc4
#
# JRE version: OpenJDK Runtime Environment (8.0_152-b01) (build 1.8.0_152-release-915-b01)
# Java VM: OpenJDK 64-Bit Server VM (25.152-b01 mixed mode windows-amd64 compressed oops)
# Failed to write core dump. Minidumps are not enabled by default on client versions of Windows
#

---------------  T H R E A D  ---------------

Current thread (0x0000000056651800):  JavaThread "C2 CompilerThread0" daemon [_thread_in_native, id=7108, stack(0x0000000056d80000,0x0000000056e80000)]

Stack: [0x0000000056d80000,0x0000000056e80000]
[error occurred during error reporting (printing stack bounds), id 0xc0000005]

Native frames: (J=compiled Java code, j=interpreted, Vv=VM code, C=native code)


Current CompileTask:
C2:  14930 1931       4       com.android.dx.ssa.ConstCollector::updateConstUses (248 bytes)


---------------  P R O C E S S  ---------------

Java Threads: ( => current thread )
  0x000000005699a800 JavaThread "pool-1-thread-4" [_thread_in_Java, id=7224, stack(0x0000000058220000,0x0000000058320000)]
  0x000000005698d000 JavaThread "pool-1-thread-3" [_thread_in_Java, id=7220, stack(0x0000000057eb0000,0x0000000057fb0000)]
  0x0000000056933800 JavaThread "pool-1-thread-2" [_thread_blocked, id=7208, stack(0x0000000057fb0000,0x00000000580b0000)]
  0x00000000569c1800 JavaThread "pool-2-thread-1" [_thread_blocked, id=7196, stack(0x0000000057d20000,0x0000000057e20000)]
  0x0000000056951800 JavaThread "pool-1-thread-1" [_thread_blocked, id=7192, stack(0x0000000057b80000,0x0000000057c80000)]
  0x000000005521f800 JavaThread "Service Thread" daemon [_thread_blocked, id=5880, stack(0x0000000057200000,0x0000000057300000)]
  0x0000000056696800 JavaThread "C1 CompilerThread2" daemon [_thread_blocked, id=6676, stack(0x0000000056c00000,0x0000000056d00000)]
  0x0000000056656000 JavaThread "C2 CompilerThread1" daemon [_thread_in_native, id=6152, stack(0x0000000056f30000,0x0000000057030000)]
=>0x0000000056651800 JavaThread "C2 CompilerThread0" daemon [_thread_in_native, id=7108, stack(0x0000000056d80000,0x0000000056e80000)]
  0x0000000056650800 JavaThread "Attach Listener" daemon [_thread_blocked, id=6788, stack(0x0000000056aa0000,0x0000000056ba0000)]
  0x0000000055212800 JavaThread "Signal Dispatcher" daemon [_thread_blocked, id=3620, stack(0x0000000056150000,0x0000000056250000)]
  0x00000000551fa000 JavaThread "Finalizer" daemon [_thread_blocked, id=5436, stack(0x0000000056550000,0x0000000056650000)]
  0x00000000551b1000 JavaThread "Reference Handler" daemon [_thread_blocked, id=6376, stack(0x0000000056390000,0x0000000056490000)]
  0x00000000022fe800 JavaThread "main" [_thread_blocked, id=6172, stack(0x0000000002300000,0x0000000002400000)]

Other Threads:
  0x00000000551a9800 VMThread [stack: 0x0000000056270000,0x0000000056370000] [id=5460]
  0x00000000566c2800 WatcherThread [stack: 0x0000000057100000,0x0000000057200000] [id=7132]

VM state:not at safepoint (normal execution)

VM Mutex/Monitor currently owned by a thread: None

Heap:
 PSYoungGen      total 70656K, used 39695K [0x00000000eab00000, 0x00000000f3500000, 0x0000000100000000)
  eden space 65536K, 52% used [0x00000000eab00000,0x00000000eccc8488,0x00000000eeb00000)
  from space 5120K, 99% used [0x00000000eeb00000,0x00000000eeffb7a0,0x00000000ef000000)
  to   space 5120K, 0% used [0x00000000f3000000,0x00000000f3000000,0x00000000f3500000)
 ParOldGen       total 86016K, used 16124K [0x00000000c0000000, 0x00000000c5400000, 0x00000000eab00000)
  object space 86016K, 18% used [0x00000000c0000000,0x00000000c0fbf0a8,0x00000000c5400000)
 Metaspace       used 6367K, capacity 7152K, committed 7296K, reserved 1056768K
  class space    used 589K, capacity 616K, committed 640K, reserved 1048576K

Card table byte_map: [0x0000000011b70000,0x0000000011d80000] byte_map_base: 0x0000000011570000

Marking Bits: (ParMarkBitMap*) 0x000000006fb73950
 Begin Bits: [0x0000000012620000, 0x0000000013620000)
 End Bits:   [0x0000000013620000, 0x0000000014620000)

Polling page: 0x0000000000230000

CodeCache: size=245760Kb used=8918Kb max_used=8923Kb free=236841Kb
 bounds [0x00000000027b0000, 0x0000000003070000, 0x00000000117b0000]
 total_blobs=2204 nmethods=1934 adapters=181
 compilation: enabled

Compilation events (10 events):
Event: 14.643 Thread 0x0000000056656000 1935       4       com.android.dx.ssa.SsaMethod::convertRopToSsaBlocks (103 bytes)
Event: 14.875 Thread 0x0000000056696800 1942       3       com.android.dx.cf.attrib.AttExceptions::byteLength (15 bytes)
Event: 14.875 Thread 0x0000000056696800 nmethod 1942 0x00000000030313d0 code [0x0000000003031540, 0x0000000003031768]
Event: 14.878 Thread 0x0000000056696800 1943   !   3       com.android.dx.dex.cf.CfTranslator::processMethods (583 bytes)
Event: 14.884 Thread 0x0000000056696800 nmethod 1943 0x0000000003057790 code [0x0000000003057f40, 0x000000000305dbf8]
Event: 14.885 Thread 0x0000000056696800 1944       3       com.android.dx.dex.file.AnnotationUtils::makeEnclosingClass (35 bytes)
Event: 14.886 Thread 0x0000000056696800 nmethod 1944 0x0000000003041990 code [0x0000000003041b60, 0x0000000003042278]
Event: 14.887 Thread 0x0000000056696800 1945       3       java.util.Arrays::sort (19 bytes)
Event: 14.887 Thread 0x0000000056696800 nmethod 1945 0x000000000303d310 code [0x000000000303d480, 0x000000000303d658]
Event: 14.887 Thread 0x0000000056696800 1946       3       java.util.DualPivotQuicksort::sort (1195 bytes)

GC Heap History (6 events):
Event: 1.094 GC heap before
{Heap before GC invocations=1 (full 0):
 PSYoungGen      total 37888K, used 32768K [0x00000000eab00000, 0x00000000ed500000, 0x0000000100000000)
  eden space 32768K, 100% used [0x00000000eab00000,0x00000000ecb00000,0x00000000ecb00000)
  from space 5120K, 0% used [0x00000000ed000000,0x00000000ed000000,0x00000000ed500000)
  to   space 5120K, 0% used [0x00000000ecb00000,0x00000000ecb00000,0x00000000ed000000)
 ParOldGen       total 86016K, used 0K [0x00000000c0000000, 0x00000000c5400000, 0x00000000eab00000)
  object space 86016K, 0% used [0x00000000c0000000,0x00000000c0000000,0x00000000c5400000)
 Metaspace       used 5864K, capacity 6768K, committed 7040K, reserved 1056768K
  class space    used 583K, capacity 616K, committed 640K, reserved 1048576K
Event: 1.204 GC heap after
Heap after GC invocations=1 (full 0):
 PSYoungGen      total 37888K, used 5108K [0x00000000eab00000, 0x00000000ef500000, 0x0000000100000000)
  eden space 32768K, 0% used [0x00000000eab00000,0x00000000eab00000,0x00000000ecb00000)
  from space 5120K, 99% used [0x00000000ecb00000,0x00000000ecffd2a0,0x00000000ed000000)
  to   space 5120K, 0% used [0x00000000ef000000,0x00000000ef000000,0x00000000ef500000)
 ParOldGen       total 86016K, used 525K [0x00000000c0000000, 0x00000000c5400000, 0x00000000eab00000)
  object space 86016K, 0% used [0x00000000c0000000,0x00000000c0083478,0x00000000c5400000)
 Metaspace       used 5864K, capacity 6768K, committed 7040K, reserved 1056768K
  class space    used 583K, capacity 616K, committed 640K, reserved 1048576K
}
Event: 2.351 GC heap before
{Heap before GC invocations=2 (full 0):
 PSYoungGen      total 37888K, used 37876K [0x00000000eab00000, 0x00000000ef500000, 0x0000000100000000)
  eden space 32768K, 100% used [0x00000000eab00000,0x00000000ecb00000,0x00000000ecb00000)
  from space 5120K, 99% used [0x00000000ecb00000,0x00000000ecffd2a0,0x00000000ed000000)
  to   space 5120K, 0% used [0x00000000ef000000,0x00000000ef000000,0x00000000ef500000)
 ParOldGen       total 86016K, used 525K [0x00000000c0000000, 0x00000000c5400000, 0x00000000eab00000)
  object space 86016K, 0% used [0x00000000c0000000,0x00000000c0083478,0x00000000c5400000)
 Metaspace       used 6155K, capacity 7024K, committed 7296K, reserved 1056768K
  class space    used 583K, capacity 616K, committed 640K, reserved 1048576K
Event: 2.394 GC heap after
Heap after GC invocations=2 (full 0):
 PSYoungGen      total 70656K, used 5088K [0x00000000eab00000, 0x00000000ef500000, 0x0000000100000000)
  eden space 65536K, 0% used [0x00000000eab00000,0x00000000eab00000,0x00000000eeb00000)
  from space 5120K, 99% used [0x00000000ef000000,0x00000000ef4f8028,0x00000000ef500000)
  to   space 5120K, 0% used [0x00000000eeb00000,0x00000000eeb00000,0x00000000ef000000)
 ParOldGen       total 86016K, used 3725K [0x00000000c0000000, 0x00000000c5400000, 0x00000000eab00000)
  object space 86016K, 4% used [0x00000000c0000000,0x00000000c03a3460,0x00000000c5400000)
 Metaspace       used 6155K, capacity 7024K, committed 7296K, reserved 1056768K
  class space    used 583K, capacity 616K, committed 640K, reserved 1048576K
}
Event: 14.041 GC heap before
{Heap before GC invocations=3 (full 0):
 PSYoungGen      total 70656K, used 70624K [0x00000000eab00000, 0x00000000ef500000, 0x0000000100000000)
  eden space 65536K, 100% used [0x00000000eab00000,0x00000000eeb00000,0x00000000eeb00000)
  from space 5120K, 99% used [0x00000000ef000000,0x00000000ef4f8028,0x00000000ef500000)
  to   space 5120K, 0% used [0x00000000eeb00000,0x00000000eeb00000,0x00000000ef000000)
 ParOldGen       total 86016K, used 3725K [0x00000000c0000000, 0x00000000c5400000, 0x00000000eab00000)
  object space 86016K, 4% used [0x00000000c0000000,0x00000000c03a3460,0x00000000c5400000)
 Metaspace       used 6353K, capacity 7152K, committed 7296K, reserved 1056768K
  class space    used 589K, capacity 616K, committed 640K, reserved 1048576K
Event: 14.429 GC heap after
Heap after GC invocations=3 (full 0):
 PSYoungGen      total 70656K, used 5101K [0x00000000eab00000, 0x00000000f3500000, 0x0000000100000000)
  eden space 65536K, 0% used [0x00000000eab00000,0x00000000eab00000,0x00000000eeb00000)
  from space 5120K, 99% used [0x00000000eeb00000,0x00000000eeffb7a0,0x00000000ef000000)
  to   space 5120K, 0% used [0x00000000f3000000,0x00000000f3000000,0x00000000f3500000)
 ParOldGen       total 86016K, used 16124K [0x00000000c0000000, 0x00000000c5400000, 0x00000000eab00000)
  object space 86016K, 18% used [0x00000000c0000000,0x00000000c0fbf0a8,0x00000000c5400000)
 Metaspace       used 6353K, capacity 7152K, committed 7296K, reserved 1056768K
  class space    used 589K, capacity 616K, committed 640K, reserved 1048576K
}

Deoptimization events (10 events):
Event: 6.663 Thread 0x000000005698d000 Uncommon trap: reason=class_check action=maybe_recompile pc=0x0000000002e85844 method=com.android.dx.ssa.SCCP.simulateBranch(Lcom/android/dx/ssa/SsaInsn;)V @ 145
Event: 9.066 Thread 0x000000005699a800 Uncommon trap: reason=class_check action=maybe_recompile pc=0x0000000002e85844 method=com.android.dx.ssa.SCCP.simulateBranch(Lcom/android/dx/ssa/SsaInsn;)V @ 145
Event: 10.151 Thread 0x0000000056933800 Uncommon trap: reason=class_check action=maybe_recompile pc=0x0000000002e85844 method=com.android.dx.ssa.SCCP.simulateBranch(Lcom/android/dx/ssa/SsaInsn;)V @ 145
Event: 11.181 Thread 0x0000000056933800 Uncommon trap: reason=class_check action=maybe_recompile pc=0x0000000002e85844 method=com.android.dx.ssa.SCCP.simulateBranch(Lcom/android/dx/ssa/SsaInsn;)V @ 145
Event: 14.027 Thread 0x000000005699a800 Uncommon trap: reason=class_check action=maybe_recompile pc=0x0000000002ea1400 method=com.android.dx.cf.code.RopperMachine.run(Lcom/android/dx/cf/code/Frame;II)V @ 988
Event: 14.027 Thread 0x000000005699a800 Uncommon trap: reason=class_check action=maybe_recompile pc=0x0000000002ea1400 method=com.android.dx.cf.code.RopperMachine.run(Lcom/android/dx/cf/code/Frame;II)V @ 988
Event: 14.028 Thread 0x000000005699a800 Uncommon trap: reason=class_check action=maybe_recompile pc=0x0000000002ea1400 method=com.android.dx.cf.code.RopperMachine.run(Lcom/android/dx/cf/code/Frame;II)V @ 988
Event: 14.448 Thread 0x000000005699a800 Uncommon trap: reason=unloaded action=reinterpret pc=0x0000000002ece7a4 method=com.android.dx.ssa.LiteralOpUpgrader$1.visitNonMoveInsn(Lcom/android/dx/ssa/NormalSsaInsn;)V @ 72
Event: 14.448 Thread 0x000000005699a800 Uncommon trap: reason=unstable_if action=reinterpret pc=0x0000000002ab480c method=com.android.dx.ssa.SsaMethod.updateOneDefinition(Lcom/android/dx/ssa/SsaInsn;Lcom/android/dx/rop/code/RegisterSpec;)V @ 4
Event: 14.892 Thread 0x000000005699a800 Uncommon trap: reason=unstable_if action=reinterpret pc=0x0000000002c1f358 method=com.android.dx.cf.code.BytecodeArray.parseInstruction(ILcom/android/dx/cf/code/BytecodeArray$Visitor;)I @ 1198

Classes redefined (0 events):
No events

Internal exceptions (4 events):
Event: 0.048 Thread 0x00000000022fe800 Exception <a 'java/lang/NoSuchMethodError': Method sun.misc.Unsafe.defineClass(Ljava/lang/String;[BII)Ljava/lang/Class; name or signature does not match> (0x00000000eab07ca8) thrown at [D:\src\AOSP-openjdk-cygwin\jdk8u\hotspot\src\share\vm\prims\jni.cpp, 
Event: 0.048 Thread 0x00000000022fe800 Exception <a 'java/lang/NoSuchMethodError': Method sun.misc.Unsafe.prefetchRead(Ljava/lang/Object;J)V name or signature does not match> (0x00000000eab07f90) thrown at [D:\src\AOSP-openjdk-cygwin\jdk8u\hotspot\src\share\vm\prims\jni.cpp, line 4011]
Event: 1.954 Thread 0x0000000056951800 Implicit null exception at 0x0000000002a106d2 to 0x0000000002a107ca
Event: 6.662 Thread 0x000000005698d000 Implicit null exception at 0x0000000002f1cab0 to 0x0000000002f20c81

Events (10 events):
Event: 14.448 Thread 0x000000005699a800 Uncommon trap: trap_request=0x0000004e fr.pc=0x0000000002ece7a4
Event: 14.448 loading class com/android/dx/rop/code/RegOps
Event: 14.448 loading class com/android/dx/rop/code/RegOps done
Event: 14.448 Thread 0x000000005699a800 DEOPT PACKING pc=0x0000000002ece7a4 sp=0x000000005831ee00
Event: 14.448 Thread 0x000000005699a800 DEOPT UNPACKING pc=0x00000000027f556a sp=0x000000005831ed98 mode 2
Event: 14.448 Thread 0x000000005699a800 Uncommon trap: trap_request=0xffffff65 fr.pc=0x0000000002ab480c
Event: 14.448 Thread 0x000000005699a800 DEOPT PACKING pc=0x0000000002ab480c sp=0x000000005831ec10
Event: 14.448 Thread 0x000000005699a800 DEOPT UNPACKING pc=0x00000000027f556a sp=0x000000005831ebb8 mode 2
Event: 14.892 Thread 0x000000005699a800 Uncommon trap: trap_request=0xffffff65 fr.pc=0x0000000002c1f358
Event: 14.892 Thread 0x000000005699a800 DEOPT PACKING pc=0x0000000002c1f358 sp=0x000000005831eda0


Dynamic libraries:
0x000000013fff0000 - 0x0000000140021000 	C:\Program Files\Android\Android Studio\jre\bin\java.exe
0x00000000778a0000 - 0x0000000077a49000 	C:\Windows\SYSTEM32\ntdll.dll
0x0000000077780000 - 0x000000007789f000 	C:\Windows\system32\kernel32.dll
0x000007fefd8c0000 - 0x000007fefd92b000 	C:\Windows\system32\KERNELBASE.dll
0x000007fefed60000 - 0x000007fefee3b000 	C:\Windows\system32\ADVAPI32.dll
0x000007fefe950000 - 0x000007fefe9ef000 	C:\Windows\system32\msvcrt.dll
0x000007fefe9f0000 - 0x000007fefea0f000 	C:\Windows\SYSTEM32\sechost.dll
0x000007feffa20000 - 0x000007feffb4d000 	C:\Windows\system32\RPCRT4.dll
0x0000000077680000 - 0x000000007777a000 	C:\Windows\system32\USER32.dll
0x000007feff640000 - 0x000007feff6a7000 	C:\Windows\system32\GDI32.dll
0x000007feff270000 - 0x000007feff27e000 	C:\Windows\system32\LPK.dll
0x000007fefefc0000 - 0x000007feff089000 	C:\Windows\system32\USP10.dll
0x000007fefc1a0000 - 0x000007fefc394000 	C:\Windows\WinSxS\amd64_microsoft.windows.common-controls_6595b64144ccf1df_6.0.7601.17514_none_fa396087175ac9ac\COMCTL32.dll
0x000007fefeea0000 - 0x000007fefef11000 	C:\Windows\system32\SHLWAPI.dll
0x000007feff610000 - 0x000007feff63e000 	C:\Windows\system32\IMM32.DLL
0x000007feff6b0000 - 0x000007feff7b9000 	C:\Windows\system32\MSCTF.dll
0x000000006fd80000 - 0x000000006fe52000 	C:\Program Files\Android\Android Studio\jre\jre\bin\msvcr100.dll
0x000000006f3b0000 - 0x000000006fbee000 	C:\Program Files\Android\Android Studio\jre\jre\bin\server\jvm.dll
0x000007fef8680000 - 0x000007fef8689000 	C:\Windows\system32\WSOCK32.dll
0x000007feffb60000 - 0x000007feffbad000 	C:\Windows\system32\WS2_32.dll
0x000007feffb50000 - 0x000007feffb58000 	C:\Windows\system32\NSI.dll
0x000007fefb040000 - 0x000007fefb07b000 	C:\Windows\system32\WINMM.dll
0x000007fefc790000 - 0x000007fefc79c000 	C:\Windows\system32\VERSION.dll
0x0000000077a60000 - 0x0000000077a67000 	C:\Windows\system32\PSAPI.DLL
0x000007fef8690000 - 0x000007fef869f000 	C:\Program Files\Android\Android Studio\jre\jre\bin\verify.dll
0x000007fef8590000 - 0x000007fef85b9000 	C:\Program Files\Android\Android Studio\jre\jre\bin\java.dll
0x000007fef8660000 - 0x000007fef8676000 	C:\Program Files\Android\Android Studio\jre\jre\bin\zip.dll
0x000007fefdbc0000 - 0x000007fefe948000 	C:\Windows\system32\SHELL32.dll
0x000007feff400000 - 0x000007feff603000 	C:\Windows\system32\ole32.dll
0x000007fefd7f0000 - 0x000007fefd7ff000 	C:\Windows\system32\profapi.dll

VM Arguments:
jvm_args: -Djava.awt.headless=true -Xmx1024M -Dfile.encoding=windows-1252 -Duser.country=US -Duser.language=en -Duser.variant 
java_command: com.android.dx.command.Main --dex --num-threads=4 --output D:\MyPC\androidworkplace\SalesManagement\app\build\intermediates\pre-dexed\debug\com.google.android.gms-play-services-games-9.0.2_0a35c03d26ff9b9aba5212ce17467c2ded605ca3.jar D:\MyPC\androidworkplace\SalesManagement\app\build\intermediates\exploded-aar\com.google.android.gms\play-services-games\9.0.2\jars\classes.jar
java_class_path (initial): C:\Users\db\AppData\Local\Android\Sdk\build-tools\25.0.2\lib\dx.jar
Launcher Type: SUN_STANDARD

Environment Variables:
PATH=C:\ProgramData\Oracle\Java\javapath;C:\Program Files (x86)\Common Files\Intel\Shared Files\cpp\bin\Intel64;c:\OraHome_1\bin;c:\OraHome_1\jre\1.4.2\bin\client;c:\OraHome_1\jre\1.4.2\bin;c:\DevSuiteHome_1\jdk\jre\bin\classic;c:\DevSuiteHome_1\jdk\jre\bin;c:\DevSuiteHome_1\jdk\jre\bin\client;c:\DevSuiteHome_1\jlib;c:\DevSuiteHome_1\bin;c:\DevSuiteHome_1\jre\1.4.2\bin\client;c:\DevSuiteHome_1\jre\1.4.2\bin;C:\Windows\system32;C:\Windows;C:\Windows\System32\Wbem;C:\Windows\System32\WindowsPowerShell\v1.0\;C:\Program Files\Java\jdk1.8.0_101\bin;C:\Program Files (x86)\Skype\Phone\;C:\Program Files\nodejs\;C:\Users\db\AppData\Roaming\npm
USERNAME=db
OS=Windows_NT
PROCESSOR_IDENTIFIER=Intel64 Family 6 Model 60 Stepping 3, GenuineIntel



---------------  S Y S T E M  ---------------

OS: Windows 7 , 64 bit Build 7601 (6.1.7601.17514)

CPU:total 4 (initial active 4) (2 cores per cpu, 2 threads per core) family 6 model 60 stepping 3, cmov, cx8, fxsr, mmx, sse, sse2, sse3, ssse3, sse4.1, sse4.2, popcnt, avx, avx2, aes, clmul, erms, lzcnt, ht, tsc, tscinvbit, bmi1, bmi2

Memory: 4k page, physical 8256556k(570124k free), swap 9841180k(20784k free)

vm_info: OpenJDK 64-Bit Server VM (25.152-b01) for windows-amd64 JRE (1.8.0_152-release-915-b01), built by "builder" with MS VC++ 10.0 (VS2010)

time: Thu Nov 23 12:43:46 2017
elapsed time: 14 seconds (0d 0h 0m 14s)

